<?xml version="1.0" encoding="UTF-8"?>
<!-- Generated by org.testng.reporters.JUnitReportReporter -->
<testsuite skipped="0" hostname="Imrans-MacBook-Air.local" name="TestCases.TestHomePage" tests="1" failures="0" timestamp="30 Jun 2018 03:15:10 GMT" time="13.008" errors="0">
  <testcase name="testFindAMeeting" time="13.008" classname="TestCases.TestHomePage"/>
</testsuite> <!-- TestCases.TestHomePage -->
